K00003
K00013
K00014
K00022
K00024
K00025
K00026
K00028
K00029
K00030
K00030 
K00031
K00031 
K00033
K00036
K00051
K00052
K00053
K00058
K00059
K00072
K00075
K00077
K00082
K00088
K00097
K00099
K00116
K00128
K00131
K00133
K00134
K00143
K00145
K00147
K00150
K00161
K00162
K00163
K00164
K00169
K00170
K00171
K00172
K00174
K00175
K00176
K00177
K00184
K00185
K00189
K00208
K00209
K00211
K00215
K00220
K00226
K00228
K00230
K00231
K00232
K00234
K00235
K00236
K00237
K00239
K00240
K00241
K00242
K00244
K00245
K00246
K00247
K00249
K00254
K00255
K00259
K00264 
K00275
K00278
K00286
K00287
K00290
K00293
K00330
K00331
K00332
K00333
K00334
K00335
K00336
K00337
K00338
K00339
K00340
K00341
K00342
K00343
K00370
K00371
K00374
K00382
K00404
K00405
K00406
K00407
K00424
K00425
K00426
K00427
K00435
K00494
K00525
K00526
K00548
K00549
K00550
K00551
K00560
K00568
K00570
K00575
K00595
K00601
K00602
K00606
K00608
K00609
K00610
K00611
K00615
K00616
K00618
K00619
K00620
K00627
K00632
K00640
K00641
K00645
K00647
K00648
K00651
K00652
K00658
K00665
K00667
K00668
K00674 
K00677
K00687
K00748
K00762
K00764
K00765
K00766
K00767
K00772
K00788
K00789
K00790
K00793
K00794
K00795
K00796
K00797
K00798
K00799
K00800
K00806
K00811 
K00812
K00813 
K00814 
K00815
K00817
K00818
K00820
K00821
K00826
K00831
K00832
K00833
K00836
K00838
K00841
K00844
K00845
K00850
K00858 
K00859
K00866
K00867
K00872
K00873
K00874
K00878
K00882 
K00886
K00887
K00891
K00894
K00895
K00899
K00903
K00912
K00918
K00919
K00927
K00928
K00928   
K00930
K00931
K00936
K00939
K00940
K00941
K00942
K00943
K00944
K00946
K00948
K00950
K00954
K00967
K00968
K00969
K00977
K00979
K00981
K00991
K00993
K00994
K00998
K01000
K01006
K01007
K01012
K01057
K01077
K01079
K01086
K01089
K01113
K01114
K01141
K01142
K01151
K01159
K01218
K01243
K01244
K01246
K01247
K01318
K01347
K01364
K01399
K01438
K01439 
K01465
K01476
K01492
K01493
K01495
K01496
K01497
K01497 
K01498
K01520
K01523
K01538
K01551
K01552
K01571
K01573
K01579
K01580
K01586
K01587
K01588
K01589
K01591
K01595
K01596
K01598
K01599
K01604
K01609
K01610
K01611
K01613
K01615
K01616
K01622
K01623
K01624
K01625
K01626
K01627
K01633
K01635
K01637
K01638
K01647
K01647 
K01649
K01652
K01653
K01655
K01656
K01657
K01658
K01662
K01663
K01664
K01665
K01676
K01677
K01678
K01679
K01681
K01681 
K01682
K01682 
K01687
K01689
K01690
K01692
K01693
K01694
K01695
K01696
K01697
K01698
K01702
K01703
K01704
K01705
K01713
K01714
K01714 
K01716
K01719
K01728
K01733
K01735
K01736
K01737
K01738
K01739
K01749
K01754
K01755
K01756
K01758
K01760
K01770
K01772
K01772 
K01778
K01778 
K01782
K01783
K01798
K01803
K01807
K01808
K01810
K01814
K01817
K01823
K01825
K01834
K01845
K01850
K01885
K01897
K01899
K01900
K01902
K01903
K01906
K01914
K01915
K01916
K01918
K01919
K01920
K01921
K01922
K01923
K01924
K01925
K01928
K01929
K01930
K01933
K01935
K01937
K01939
K01940
K01945
K01947
K01948
K01950
K01951
K01952
K01954
K01955
K01956
K01958
K01958  
K01959 
K01960 
K01961
K01962
K01963
K01971
K01972
K01989
K01990
K01991
K01992
K01995
K01996
K01997
K01998
K01999
K02000
K02001
K02002
K02003
K02004
K02006
K02007
K02008
K02009
K02010
K02011
K02012
K02013
K02014
K02015
K02016
K02017
K02018
K02020
K02024
K02025
K02026
K02027
K02028
K02029
K02030
K02031
K02032
K02033
K02034
K02035
K02036
K02037
K02038
K02040
K02041
K02042
K02044
K02045
K02046
K02047
K02048
K02049
K02050
K02051
K02052
K02053
K02054
K02055
K02056
K02057
K02058
K02062
K02063
K02064
K02065
K02066
K02067
K02068
K02069
K02071
K02072
K02073
K02074
K02075
K02077
K02100
K02108
K02109
K02110
K02111
K02112
K02113
K02114
K02115
K02159
K02160
K02163
K02168
K02169
K02170
K02188
K02189
K02190
K02191
K02193
K02194
K02195
K02196
K02198
K02201
K02202
K02203
K02204
K02205
K02209
K02210
K02212
K02221
K02224
K02225
K02227
K02228
K02229
K02230
K02231
K02232
K02236
K02237
K02238
K02239
K02240
K02241
K02242
K02243
K02244
K02245
K02246
K02247
K02248
K02249
K02250
K02251
K02252
K02253
K02254
K02274
K02275
K02276
K02278
K02279
K02280
K02281
K02282
K02283
K02297
K02298
K02299
K02300
K02302
K02303
K02304
K02314
K02316
K02317
K02318
K02319
K02320
K02321
K02322
K02323
K02324
K02325
K02326
K02327
K02328
K02330
K02335
K02337
K02338
K02339
K02340
K02341
K02342
K02343
K02344
K02345
K02371
K02372
K02386
K02387
K02388
K02389
K02390
K02391
K02392
K02393
K02394
K02395
K02396
K02397
K02398
K02399
K02400
K02401
K02402
K02403
K02405
K02406
K02407
K02408
K02409
K02410
K02411
K02412
K02413
K02414
K02415
K02416
K02417
K02418
K02419
K02420
K02421
K02422
K02423
K02424
K02425
K02429
K02440
K02445
K02446
K02450
K02451
K02452
K02453
K02454
K02455
K02456
K02457
K02458
K02459
K02460
K02461
K02462
K02463
K02464
K02465
K02475
K02476
K02477
K02478
K02479
K02480
K02481
K02482
K02483
K02484
K02485
K02486
K02488
K02489
K02490
K02491
K02492
K02495
K02500
K02501
K02502
K02504
K02505
K02507
K02511
K02517
K02526
K02527
K02532
K02535
K02536
K02540
K02541
K02542
K02545
K02550
K02556
K02557
K02560
K02563
K02575
K02598
K02619
K02625
K02650
K02651
K02652
K02653
K02654
K02655
K02656
K02657
K02658
K02659
K02660
K02661
K02662
K02663
K02664
K02665
K02666
K02667
K02668
K02669
K02670
K02671
K02672
K02673
K02674
K02676
K02679
K02680
K02681
K02682
K02683
K02684
K02685
K02686
K02744
K02745
K02746
K02747
K02750
K02753
K02755
K02757
K02759
K02760
K02761
K02765
K02768
K02769
K02770
K02771
K02773
K02774
K02775
K02777
K02778
K02779
K02781
K02782
K02783
K02784
K02786
K02788
K02791
K02793
K02794
K02795
K02796
K02798
K02800
K02803
K02804
K02806
K02810
K02812
K02813
K02814
K02815
K02819
K02821
K02822
K02824
K02856
K02858
K03070
K03071
K03072
K03073
K03074
K03075
K03076
K03086
K03092
K03106
K03110
K03111
K03116
K03117
K03118
K03141
K03142
K03143
K03144
K03147
K03148
K03149
K03150
K03150 
K03151
K03153
K03154
K03162
K03165
K03179
K03181
K03182
K03183
K03184
K03185
K03186
K03191
K03194
K03195
K03196
K03197
K03198
K03199
K03200
K03201
K03202
K03203
K03204
K03205
K03210
K03217
K03219
K03220
K03221
K03222
K03223
K03224
K03225
K03226
K03227
K03228
K03229
K03230
K03269
K03270
K03271
K03272
K03273
K03274
K03282
K03284
K03286
K03288
K03289
K03290
K03291
K03297
K03298
K03299
K03303
K03304
K03312
K03313
K03314
K03315
K03318
K03320
K03321
K03322
K03324
K03325
K03326
K03329
K03340
K03342
K03372
K03394
K03399
K03400
K03406
K03407
K03408
K03409
K03410
K03411
K03412
K03413
K03414
K03415
K03425
K03431
K03441
K03442
K03443
K03444
K03445
K03446
K03447
K03448
K03449
K03452
K03459
K03465
K03468
K03469
K03470
K03471
K03472
K03473
K03474
K03475
K03498
K03499
K03504
K03505
K03506
K03512
K03513
K03516
K03517
K03523
K03525
K03526
K03527
K03532
K03533
K03535
K03543
K03548
K03549
K03550
K03551
K03553
K03555
K03559
K03560
K03561
K03562
K03572
K03573
K03575
K03581
K03582
K03583
K03584
K03585
K03587
K03588
K03599
K03601
K03602
K03629
K03635
K03637
K03638
K03639
K03640
K03641
K03643
K03644
K03646
K03648
K03649
K03652
K03655
K03657
K03660
K03666
K03693
K03699
K03701
K03702
K03703
K03723
K03737
K03738
K03750
K03756
K03757
K03758
K03759
K03760
K03761
K03762
K03763
K03776
K03785
K03786
K03795
K03801
K03811
K03814
K03831
K03832
K03834
K03835
K03836
K03837
K03838
K03841
K03856
K03868
K03893
K03980
K03981
K04041
K04042
K04048
K04049
K04050
K04051
K04052
K04053
K04054
K04055
K04056
K04057
K04058
K04059
K04060
K04061
K04066
K04067
K04092
K04093
K04334
K04335
K04336
K04337
K04338
K04478
K04482
K04486
K04516
K04517
K04518
K04528
K04570
K04728
K04744
K04758
K04759
K04799
K04800
K04801
K04802
K05020
K05245
K05308
K05338
K05340
K05359
K05362
K05363
K05364
K05365
K05366
K05367
K05373
K05515
K05517
K05522
K05548
K05557
K05559
K05560
K05561
K05562
K05563
K05564
K05565
K05566
K05567
K05568
K05569
K05570
K05571
K05595
K05602
K05770
K05772
K05773
K05776
K05777
K05778
K05779
K05782
K05786
K05802
K05807
K05810
K05813
K05814
K05815
K05816
K05819
K05820
K05822
K05823
K05824
K05826
K05827 
K05828 
K05829 
K05830
K05831
K05832
K05833
K05834
K05835
K05845
K05846
K05847
K05852
K05874
K05875
K05876
K05877
K05881
K05895
K05934
K05936
K05942
K06001
K06041
K06042
K06046
K06073
K06074
K06076
K06134
K06141
K06144
K06153
K06155
K06156
K06157
K06186
K06187
K06188
K06189
K06196
K06199
K06208
K06209
K06210
K06212
K06213
K06214
K06215
K06216
K06223
K06258
K06289
K06292
K06296
K06311
K06316
K06352
K06353
K06354
K06355
K06356
K06358
K06359
K06360
K06361
K06363
K06364
K06365
K06366
K06369
K06375
K06409
K06445
K06466
K06518
K06566
K06579
K06596
K06597
K06600
K06609
K06610
K06634
K06642
K06718
K06720
K06857
K06858
K06859
K06861
K06863
K06895
K06901
K06902
K06989
K06998
K07009
K07084
K07091
K07114
K07122
K07127
K07142 
K07156
K07173
K07183
K07191
K07221
K07224
K07230
K07238
K07240
K07241
K07243
K07244
K07245
K07258
K07259
K07260
K07267
K07274
K07277
K07278
K07279
K07287
K07299
K07300
K07301
K07306
K07307
K07308
K07309
K07310
K07311
K07312
K07323
K07324
K07325
K07327
K07328
K07329
K07330
K07331
K07332
K07333
K07335
K07344
K07345
K07346
K07347
K07348
K07349
K07350
K07372
K07373
K07404
K07456
K07462
K07466
K07490
K07507
K07508
K07509
K07511
K07513
K07514
K07515
K07516
K07552
K07593
K07612
K07613
K07616
K07617
K07619
K07620
K07621
K07622
K07628
K07630
K07636
K07637
K07638
K07639
K07640
K07641
K07642
K07643
K07644
K07645
K07646
K07647
K07648
K07649
K07650
K07651
K07652
K07653
K07654
K07655
K07656
K07657
K07658
K07659
K07660
K07661
K07662
K07663
K07664
K07665
K07666
K07667
K07668
K07669
K07670
K07671
K07672
K07673
K07674
K07675
K07676
K07677
K07678
K07679
K07680
K07681
K07682
K07683
K07684
K07685
K07686
K07687
K07688
K07689
K07690
K07691
K07692
K07693
K07694
K07695
K07696
K07697
K07698
K07699
K07700
K07701
K07702
K07703
K07704
K07705
K07706
K07707
K07708
K07709
K07710
K07711
K07712
K07713
K07714
K07715
K07716
K07717
K07718
K07719
K07720
K07768
K07769
K07770
K07771
K07772
K07773
K07774
K07775
K07776
K07777
K07778
K07781
K07782
K07783
K07784
K07785
K07786
K07787
K07788
K07789
K07791
K07792
K07793
K07794
K07795
K07796
K07798
K07799
K07800
K07811
K07812
K07813
K07821
K07822
K07862
K07991
K08074
K08082
K08083
K08084
K08085
K08090
K08137
K08138
K08139
K08141
K08142
K08143
K08144
K08145
K08146
K08147
K08148
K08149
K08150
K08151
K08152
K08153
K08154
K08155
K08156
K08157
K08158
K08159
K08160
K08161
K08162
K08163
K08164
K08165
K08166
K08167
K08168
K08169
K08170
K08171
K08172
K08173
K08174
K08175
K08176
K08177
K08178
K08179
K08180
K08181
K08182
K08183
K08184
K08185
K08186
K08187
K08188
K08189
K08190
K08191
K08192
K08193
K08194
K08195
K08196
K08197
K08198
K08199
K08200
K08202
K08203
K08204
K08205
K08206
K08207
K08208
K08209
K08210
K08211
K08212
K08213
K08214
K08215
K08216
K08217
K08218
K08219
K08220
K08221
K08222
K08223
K08224
K08225
K08226
K08227
K08228
K08229
K08230
K08231
K08284
K08289
K08310
K08321
K08344
K08348
K08349
K08350
K08351
K08352
K08353
K08354
K08355
K08356
K08357
K08358
K08359
K08360
K08363
K08364
K08368
K08369
K08370
K08371
K08384
K08475
K08476
K08479
K08483
K08484
K08485
K08605
K08642
K08681
K08713
K08714
K08715
K08717
K08719
K08720
K08721
K08724
K08734
K08735
K08736
K08737
K08739
K08761
K08771
K08775
K08777
K08963
K08964
K08965
K08966
K08967
K08969
K08970
K08973
K08978
K08991
K08994
K09007
K09011
K09013
K09016
K09065
K09125
K09458
K09475
K09476
K09477
K09479
K09680
K09688
K09689
K09690
K09691
K09692
K09693
K09694
K09695
K09696
K09697
K09739  
K09758 
K09771
K09774
K09778
K09789
K09800
K09808
K09810
K09811
K09812
K09813
K09814
K09815
K09816
K09817
K09818
K09819
K09820
K09823
K09860
K09863
K09864
K09865
K09866
K09867
K09868
K09869
K09870
K09871
K09872
K09873
K09874
K09875
K09876
K09877
K09878
K09880
K09882
K09883
K09884
K09885
K09886
K09903
K09936
K09949
K09953
K09969
K09970
K09971
K09972
K09996
K09997
K09998
K09999
K10000
K10001
K10002
K10003
K10004
K10005
K10006
K10007
K10008
K10009
K10010
K10013
K10014
K10015
K10016
K10017
K10018
K10019
K10020
K10021
K10022
K10023
K10024
K10025
K10036
K10037
K10038
K10039
K10040
K10041
K10094
K10105
K10107
K10108
K10109
K10110
K10111
K10112
K10117
K10118
K10119
K10120
K10121
K10122
K10123
K10124
K10125
K10126
K10140
K10150
K10188
K10189
K10190
K10191
K10192
K10193
K10194
K10195
K10196
K10197
K10198
K10199
K10200
K10201
K10202
K10206
K10227
K10228
K10229
K10232
K10233
K10234
K10235
K10236
K10237
K10238
K10240
K10241
K10242
K10439
K10440
K10441
K10527
K10537
K10538
K10539
K10540
K10541
K10542
K10543
K10544
K10545
K10546
K10547
K10548
K10549
K10550
K10551
K10552
K10553
K10554
K10555
K10556
K10557
K10558
K10559
K10560
K10561
K10562
K10563
K10564
K10565
K10567
K10568
K10569
K10570
K10605
K10609
K10610
K10681
K10682
K10683
K10697
K10700
K10715
K10716
K10726
K10728
K10739
K10740
K10741
K10742
K10743
K10744
K10745
K10746
K10747
K10754
K10755
K10756
K10771
K10772
K10773
K10776
K10777
K10780
K10798
K10800
K10801
K10802
K10803
K10807
K10808
K10810
K10820
K10823
K10824
K10829
K10830
K10831
K10834
K10838
K10839
K10840
K10841
K10842
K10843
K10844
K10845
K10846
K10847
K10848
K10849
K10850
K10857
K10858
K10865
K10866
K10867
K10868
K10869
K10870
K10871
K10873
K10875
K10877
K10879
K10880
K10881
K10882
K10884
K10885
K10886
K10887
K10897
K10901
K10909
K10910
K10911
K10912
K10913
K10914
K10915
K10916
K10917
K10919
K10920
K10924
K10925
K10926
K10927
K10930
K10931
K10932
K10933
K10934
K10935
K10940
K10941
K10942
K10943
K10948
K10957
K10958
K10959
K10961
K10962
K10963
K10964
K10965
K10966
K10974
K10975
K10979
K10980
K10981
K10982
K10983
K10984
K10985
K10986
K11003
K11004
K11005
K11006
K11007
K11016
K11017
K11023
K11024
K11025
K11026
K11027
K11028
K11031
K11032
K11033
K11034
K11035
K11036
K11037
K11038
K11039
K11050
K11051
K11063
K11069
K11070
K11071
K11072
K11073
K11074
K11075
K11076
K11077
K11078
K11079
K11080
K11081
K11082
K11083
K11084
K11102
K11103
K11104
K11105
K11106
K11175
K11176
K11183
K11192
K11194
K11195
K11196
K11200
K11201
K11202
K11203
K11204
K11205
K11216
K11231
K11232
K11233
K11249
K11250
K11258
K11262
K11263
K11326
K11327
K11328
K11329
K11330
K11332
K11354
K11355
K11356
K11357
K11358
K11382
K11383
K11384
K11389
K11395
K11443
K11444
K11518
K11520
K11521
K11522
K11523
K11526
K11527
K11530
K11531
K11532
K11533
K11535
K11537
K11540
K11541
K11601
K11602
K11603
K11604
K11605
K11606
K11607
K11614
K11615
K11617
K11618
K11623
K11624
K11629
K11630
K11631
K11632
K11633
K11634
K11635
K11636
K11637
K11638
K11640
K11641
K11645
K11688
K11689
K11690
K11691
K11692
K11693
K11694
K11695
K11704
K11705
K11706
K11707
K11708
K11709
K11710
K11711
K11712
K11719
K11720
K11732
K11733
K11734
K11735
K11736
K11737
K11738
K11741
K11742
K11743
K11745
K11746
K11747
K11748
K11752
K11753
K11754
K11755
K11787
K11788
K11808
K11810
K11814
K11815
K11864
K11889
K11890
K11891
K11892
K11893
K11894
K11895
K11896
K11897
K11898
K11899
K11900
K11901
K11902
K11903
K11904
K11905
K11906
K11907
K11909
K11910
K11911
K11912
K11913
K11914
K11915
K11916
K11917
K11918
K11919
K11928
K11929
K11934
K11939
K11950
K11951
K11952
K11953
K11954
K11955
K11956
K11957
K11958
K11959
K11960
K11961
K11962
K11963
K12048
K12049
K12050
K12051
K12052
K12053
K12054
K12055
K12056
K12057
K12058
K12059
K12060
K12061
K12062
K12063
K12064
K12065
K12066
K12067
K12068
K12069
K12070
K12071
K12072
K12078
K12079
K12080
K12081
K12082
K12083
K12084
K12085
K12086
K12087
K12088
K12089
K12090
K12091
K12092
K12093
K12094
K12095
K12096
K12097
K12098
K12099
K12100
K12101
K12102
K12103
K12104
K12105
K12106
K12107
K12108
K12109
K12110
K12173
K12201
K12202
K12203
K12204
K12205
K12206
K12207
K12208
K12209
K12210
K12211
K12212
K12213
K12214
K12215
K12216
K12217
K12218
K12219
K12220
K12221
K12222
K12223
K12224
K12225
K12226
K12227
K12228
K12257
K12268
K12269
K12270
K12276
K12277
K12278
K12279
K12280
K12281
K12282
K12283
K12284
K12285
K12286
K12287
K12288
K12289
K12290
K12291
K12292
K12293
K12294
K12295
K12296
K12299
K12300
K12301
K12302
K12303
K12306
K12307
K12340
K12341
K12342
K12346
K12368
K12369
K12370
K12371
K12372
K12377
K12406
K12407
K12415
K12506
K12509
K12510
K12511
K12512
K12513
K12514
K12515
K12516
K12517
K12518
K12519
K12520
K12521
K12522
K12523
K12524
K12525
K12525 
K12526
K12530
K12531
K12532
K12536
K12537
K12538
K12541
K12542
K12543
K12545
K12551
K12552
K12553
K12554
K12555
K12556
K12657
K12659
K12678
K12679
K12681
K12682
K12683
K12684
K12685
K12686
K12687
K12688
K12689
K12690
K12789
K12962
K12977
K12990
K13008
K13021
K13034
K13038
K13040
K13041
K13060
K13061
K13062
K13063
K13075
K13283
K13285
K13287
K13301
K13351
K13352
K13353
K13358
K13359
K13360
K13361
K13362
K13363
K13365
K13367
K13378
K13380
K13408
K13409
K13421
K13443
K13484
K13490
K13491
K13497
K13498
K13501
K13503
K13529
K13532
K13533
K13540
K13541
K13542
K13543
K13584
K13587
K13589
K13591
K13598
K13599
K13629
K13644
K13649
K13713
K13767
K13783
K13787
K13789
K13799
K13800
K13809
K13810
K13815
K13816
K13820
K13829
K13830
K13832
K13853
K13854
K13878
K13879
K13880
K13881
K13888
K13889
K13890
K13891
K13892
K13893
K13894
K13895
K13896
K13924
K13929
K13931
K13936
K13937
K13938
K13939
K13940
K13941
K13947
K13950
K13997
K13998
K14021
K14051
K14052
K14053
K14062
K14152
K14153
K14155
K14156
K14159
K14166
K14170
K14187
K14193
K14258
K14260
K14267 
K14272 
K14392
K14393
K14430
K14454
K14455
K14613
K14614
K14636
K14645
K14652
K14654
K14655
K14677
K14681
K14682
K14756
K14978
K14979
K14980
K14981
K14982
K14983
K14986
K14987
K14988
K14989
K15011
K15012
K15013
K15227
K15268
K15269
K15270
K15344
K15345
K15346
K15356
K15362
K15376
K15381
K15383
K15408-K02277
K15464
K15465
K15495
K15496
K15497
K15547
K15548
K15549
K15550
K15551
K15552
K15553
K15554
K15555
K15556
K15557
K15558
K15576
K15577
K15578
K15579
K15580
K15581
K15582
K15583
K15584
K15585
K15586
K15587
K15598
K15599
K15600
K15633
K15634
K15635
K15654
K15655
K15656
K15657
K15721
K15725
K15726
K15727
K15770
K15771
K15772
K15792
K15840
K15849
K15850
K15851
K15852
K15853
K15854
K15859
K15862
K15916
K15987
K16052
K16053
K16054
K16059
K16073
K16074
K16075
K16076
K16077
K16078
K16079
K16080
K16081
K16087
K16088
K16089
K16090
K16091
K16092
K16139
K16140
K16152
K16169
K16170
K16191
K16199
K16200
K16201
K16202
K16209
K16210
K16211
K16234
K16235
K16236
K16237
K16238
K16248
K16261
K16262
K16263
K16264
K16267
K16293
K16294
K16295
K16301
K16302
K16305
K16306
K16321
K16322
K16323
K16324
K16325
K16327
K16331
K16345
K16346
K16347
K16348
K16363
K16369
K16370
K16517
K16552
K16553
K16554
K16593
K16619
K16626
K16692
K16693
K16694
K16695
K16696
K16712
K16713
K16783
K16784
K16785
K16786
K16787
K16788
K16789
K16792
K16793
K16835
K16869
K16905
K16906
K16907
K16915
K16916
K16917
K16918
K16919
K16920
K16921
K16923
K16924
K16925
K16926
K16927
K16928
K16929
K16956
K16957
K16958
K16959
K16960
K16961
K16962
K16963
K17048
K17049
K17050
K17051
K17052
K17060
K17061
K17062
K17063
K17069
K17073
K17074
K17076
K17077
K17103
K17202
K17203
K17204
K17205
K17206
K17207
K17208
K17209
K17210
K17213
K17214
K17215
K17216
K17217
K17234
K17235
K17236
K17237
K17238
K17239
K17240
K17241
K17242
K17243
K17244
K17245
K17246
K17311
K17312
K17313
K17314
K17315
K17316
K17317
K17318
K17319
K17320
K17321
K17322
K17323
K17324
K17325
K17326
K17327
K17328
K17329
K17330
K17331
K17450
K17462
K17463
K17464
K17465
K17466
K17467
K17469
K17470
K17471
K17496
K17713
K17714
K17715
K17753 
K17768
K17769
K17770
K17771
K17772
K17773
K17774
K17777
K17778
K17779
K17780
K17781
K17782
K17790
K17791
K17792
K17794
K17795
K17796
K17797
K17800
K17804
K17828
K17839
K17938
K17940
K17989
K18000
K18001
K18002
K18003
K18020
K18021
K18022
K18059
K18070
K18072
K18073
K18093
K18094
K18095
K18096
K18098
K18099
K18100
K18101
K18118
K18127
K18128
K18132
K18133
K18138
K18139
K18141
K18142
K18143
K18144
K18145
K18146
K18147
K18149
K18196
K18214
K18215
K18218
K18232
K18233
K18240
K18295
K18296
K18298
K18299
K18300
K18302
K18303
K18304
K18305
K18306
K18307
K18308
K18315
K18316
K18317
K18318
K18319
K18321
K18322
K18323
K18324
K18326
K18344
K18345
K18349
K18350
K18351
K18352
K18373
K18374
K18375
K18376
K18377
K18378
K18379
K18380
K18381
K18433
K18434
K18444
K18472
K18473
K18480
K18481
K18482
K18532
K18533
K18552
K18553
K18567
K18589
K18590
K18591
K18649
K18770
K18799
K18800
K18814
K18824 
K18825
K18832
K18833
K18859
K18860
K18866
K18882
K18898
K18899
K18901
K18902
K18903
K18904
K18924
K18925
K18926
K18934
K18935
K18936
K18940
K18941
K18974 
K18975
K18977
K18978
K18986
K18987
K18989
K18990
K19058
K19059
K19077
K19078
K19079
K19080
K19081
K19082
K19083
K19084
K19221
K19226
K19227
K19228
K19229
K19230
K19231
K19232
K19233
K19243
K19244 
K19282
K19297
K19298
K19302
K19309
K19310
K19340
K19341
K19416
K19418
K19419
K19420
K19506
K19507
K19508
K19509
K19522
K19528
K19540
K19541
K19542
K19552
K19560
K19561
K19562
K19563
K19564
K19565
K19576
K19577
K19578
K19585
K19586
K19593
K19594
K19595
K19609
K19610
K19611
K19616
K19617
K19621
K19622
K19623
K19640
K19641
K19643
K19644
K19645
K19646
K19661
K19666
K19690
K19691
K19692
K19694
K19731
K19732
K19733
K19734
K19735
K19738
K19739
K19740
K19791
K19792
K19831
K19965
K19971
K19972
K19973
K19975
K19976
K20086
K20087
K20088
K20089
K20090
K20094
K20108
K20112
K20113
K20114
K20118
K20248
K20249
K20250
K20252
K20253
K20256
K20257
K20258
K20259
K20260
K20261
K20262
K20263
K20264
K20265
K20266
K20267
K20268
K20269
K20270
K20271
K20272
K20273
K20274
K20275
K20276
K20277
K20321
K20322
K20323
K20324
K20325
K20326
K20327
K20328
K20329
K20330
K20331
K20332
K20333
K20334
K20335
K20336
K20337
K20338
K20339
K20340
K20341
K20342
K20343
K20344
K20345
K20368
K20373
K20374
K20375
K20376
K20377
K20378
K20379
K20380
K20381
K20382
K20383
K20384
K20385
K20386
K20387
K20388
K20389
K20390
K20391
K20457
K20459
K20460
K20461
K20464
K20466
K20468
K20469
K20470
K20480
K20481
K20482
K20483
K20484
K20485
K20486
K20487
K20488
K20489
K20490
K20491
K20492
K20494
K20509
K20510
K20511
K20527
K20528
K20529
K20530
K20531
K20532
K20533
K20539
K20540
K20543
K20552
K20554
K20555
K20668
K20669
K20670
K20719
K20731
K20773
K20774
K20775
K20776
K20813
K20857
K20858
K20860
K20861
K20862
K20884
K20917
K20920
K20967
K20971
K20972
K20973
K20974
K20975
K20976
K20977
K20987
K20988
K20989
K21029
K21063
K21064
K21071
K21099
K21100
K21133
K21134
K21135
K21136
K21137
K21142
K21217
K21218
K21219
K21344
K21345
K21393
K21394
K21395
K21449
K21456
K21464
K21465
K21466
K21469
K21479
K21572
K21573
K21603
K21758
K21862
K21864
K21866
K21867
K21888
K21890
K21891
K21892
K21893
K21894
K21929
K21964
K21965
K21966
K21967
K21968
K21977
K21988
K21989
K21993
K22010
K22011
K22037
K22039
K22044
K22047
K22048
K22051
K22067
K22099 
K22100
K22101
K22110
K22112
K22134
K22141
K22142
K22143
K22188
K22189
K22190
K22191
K22192
K22193
K22204
K22228
K22285
K22305
K22316
K22384
K22385
K22386
K22391
K22404
K22477
K22478
K22487
K22488
K22501
K22504
K22505
K22506
K22507
K22508
K22509
K22510
K22511
K22512
K22513
K22514
K22641
K22642
K22643
K22735
K22736
K22737
K22912
K22921
K22922
K22923
K22924
K22949
K22954
K22955
K22956
K22957
K22968
K23016
K23025
K23055
K23056
K23057
K23058
K23059
K23060
K23061
K23062
K23063
K23064
K23082
K23083
K23088
K23125
K23126
K23133
K23159
K23163
K23169
K23170
K23181
K23182
K23183
K23184
K23185
K23186
K23187
K23188
K23227
K23228
K23241
K23242
K23264
K23265
K23269
K23270
K23301
K23302
K23303
K23304
K23351
K23352
K23360
K23361
K23393
K23448
K23467
K23475
K23476
K23508
K23509
K23510
K23511
K23512
K23513
K23535
K23536
K23537
K23541
K23545
K23546
K23547
K23630
K23674
K23675
K23676
K23677
K23734
K23735
K23750
K23790
K23887
K23893
K23894
K23895
K23896
K23897
K23903
K23904
K23906
K23907
K23977
K23985
K23986
K23991
K23993
K24013
K24017
K24018
K24034
K24040
K24042
K24070
K24102 
K24107
K24139
K24141
K24142
K24160
K24163
K24175
K24180
K24182
K24193
K24194
K24195
K24200
K24201
K24202
K24206
K24343
K24344
K24346
K24446
K24620
K24709
K24710
K24711
K24712
K24713
K24714
K24715
K24866
K24915
K24917
K24948
K24949
K24950
K24951
K24976
K24985
K24986
K24987
K24988
K24989
K25026
K25027
K25028
K25034
K25045
K25046
K25047
K25062
K25063
K25064
K25067
K25068
K25069
K25086
K25087
K25088
K25089
K25096
K25097
K25098
K25099
K25103
K25104
K25105
K25106
K25107
K25109
K25110
K25111
K25113
K25114
K25115
K25116
K25117
K25118
K25119
K25120
K25121
K25130
K25132
K25133
K25140
K25141
K25142
K25143
K25144
K25147
K25148
K25149
K25150
K25151
K25152
K25153
K25154
K25155
K25156
K25157
K25158
K25159
K25162
K25169
K25170
K25171
K25172
K25180
K25181
K25182
K25183
K25184
K25187
K25188
K25189
K25190
K25212
K25213
K25223
K25282
K25283
K25284
K25285
K25286
K25287
K25288
K25289
K25290
K25308
K25494
K25503
K25504
K25505
K25506
K25528
K25570
K25575
K25578
K25588
K25590
K25606
K25670
K25671
K25672
K25673
K25674
K25675
K25676
K25677
K25678
K25801
K25814
K25859
K25860
K25873
